<?xml version="1.0" encoding="UTF-8"?>
<testsuite xmlns:xsi="http://www.w3.org/2001/XMLSchema-instance" xsi:noNamespaceSchemaLocation="https://maven.apache.org/surefire/maven-surefire-plugin/xsd/surefire-test-report.xsd" version="3.0.2" name="com.saucedemo.runner.CucumberTestRunner" time="378.904" tests="11" errors="0" skipped="0" failures="0">
  <properties>
    <property name="java.specification.version" value="23"/>
    <property name="sun.cpu.isalist" value="amd64"/>
    <property name="sun.jnu.encoding" value="Cp1252"/>
    <property name="java.class.path" value="C:\Users\sbora\eclipse-workspace\SaucedemoLogin\target\test-classes;C:\Users\sbora\eclipse-workspace\SaucedemoLogin\target\classes;C:\Users\sbora\.m2\repository\org\seleniumhq\selenium\selenium-java\4.32.0\selenium-java-4.32.0.jar;C:\Users\sbora\.m2\repository\org\seleniumhq\selenium\selenium-api\4.32.0\selenium-api-4.32.0.jar;C:\Users\sbora\.m2\repository\org\jspecify\jspecify\1.0.0\jspecify-1.0.0.jar;C:\Users\sbora\.m2\repository\org\seleniumhq\selenium\selenium-chrome-driver\4.32.0\selenium-chrome-driver-4.32.0.jar;C:\Users\sbora\.m2\repository\org\seleniumhq\selenium\selenium-chromium-driver\4.32.0\selenium-chromium-driver-4.32.0.jar;C:\Users\sbora\.m2\repository\org\seleniumhq\selenium\selenium-devtools-v134\4.32.0\selenium-devtools-v134-4.32.0.jar;C:\Users\sbora\.m2\repository\org\seleniumhq\selenium\selenium-devtools-v135\4.32.0\selenium-devtools-v135-4.32.0.jar;C:\Users\sbora\.m2\repository\org\seleniumhq\selenium\selenium-devtools-v136\4.32.0\selenium-devtools-v136-4.32.0.jar;C:\Users\sbora\.m2\repository\org\seleniumhq\selenium\selenium-edge-driver\4.32.0\selenium-edge-driver-4.32.0.jar;C:\Users\sbora\.m2\repository\org\seleniumhq\selenium\selenium-ie-driver\4.32.0\selenium-ie-driver-4.32.0.jar;C:\Users\sbora\.m2\repository\org\seleniumhq\selenium\selenium-remote-driver\4.32.0\selenium-remote-driver-4.32.0.jar;C:\Users\sbora\.m2\repository\com\google\guava\guava\33.4.8-jre\guava-33.4.8-jre.jar;C:\Users\sbora\.m2\repository\com\google\guava\failureaccess\1.0.3\failureaccess-1.0.3.jar;C:\Users\sbora\.m2\repository\com\google\guava\listenablefuture\9999.0-empty-to-avoid-conflict-with-guava\listenablefuture-9999.0-empty-to-avoid-conflict-with-guava.jar;C:\Users\sbora\.m2\repository\com\google\errorprone\error_prone_annotations\2.36.0\error_prone_annotations-2.36.0.jar;C:\Users\sbora\.m2\repository\com\google\j2objc\j2objc-annotations\3.0.0\j2objc-annotations-3.0.0.jar;C:\Users\sbora\.m2\repository\io\opentelemetry\opentelemetry-api\1.49.0\opentelemetry-api-1.49.0.jar;C:\Users\sbora\.m2\repository\io\opentelemetry\opentelemetry-context\1.49.0\opentelemetry-context-1.49.0.jar;C:\Users\sbora\.m2\repository\io\opentelemetry\opentelemetry-exporter-logging\1.49.0\opentelemetry-exporter-logging-1.49.0.jar;C:\Users\sbora\.m2\repository\io\opentelemetry\opentelemetry-sdk-common\1.49.0\opentelemetry-sdk-common-1.49.0.jar;C:\Users\sbora\.m2\repository\io\opentelemetry\opentelemetry-sdk-extension-autoconfigure-spi\1.49.0\opentelemetry-sdk-extension-autoconfigure-spi-1.49.0.jar;C:\Users\sbora\.m2\repository\io\opentelemetry\opentelemetry-sdk-extension-autoconfigure\1.49.0\opentelemetry-sdk-extension-autoconfigure-1.49.0.jar;C:\Users\sbora\.m2\repository\io\opentelemetry\opentelemetry-sdk-trace\1.49.0\opentelemetry-sdk-trace-1.49.0.jar;C:\Users\sbora\.m2\repository\io\opentelemetry\opentelemetry-sdk\1.49.0\opentelemetry-sdk-1.49.0.jar;C:\Users\sbora\.m2\repository\io\opentelemetry\opentelemetry-sdk-metrics\1.49.0\opentelemetry-sdk-metrics-1.49.0.jar;C:\Users\sbora\.m2\repository\io\opentelemetry\opentelemetry-sdk-logs\1.49.0\opentelemetry-sdk-logs-1.49.0.jar;C:\Users\sbora\.m2\repository\net\bytebuddy\byte-buddy\1.17.5\byte-buddy-1.17.5.jar;C:\Users\sbora\.m2\repository\org\seleniumhq\selenium\selenium-os\4.32.0\selenium-os-4.32.0.jar;C:\Users\sbora\.m2\repository\org\apache\commons\commons-exec\1.4.0\commons-exec-1.4.0.jar;C:\Users\sbora\.m2\repository\org\seleniumhq\selenium\selenium-safari-driver\4.32.0\selenium-safari-driver-4.32.0.jar;C:\Users\sbora\.m2\repository\org\seleniumhq\selenium\selenium-support\4.32.0\selenium-support-4.32.0.jar;C:\Users\sbora\.m2\repository\org\seleniumhq\selenium\selenium-firefox-driver\4.32.0\selenium-firefox-driver-4.32.0.jar;C:\Users\sbora\.m2\repository\com\google\auto\service\auto-service-annotations\1.1.1\auto-service-annotations-1.1.1.jar;C:\Users\sbora\.m2\repository\org\seleniumhq\selenium\selenium-http\4.32.0\selenium-http-4.32.0.jar;C:\Users\sbora\.m2\repository\org\seleniumhq\selenium\selenium-json\4.32.0\selenium-json-4.32.0.jar;C:\Users\sbora\.m2\repository\org\seleniumhq\selenium\selenium-manager\4.32.0\selenium-manager-4.32.0.jar;C:\Users\sbora\.m2\repository\org\testng\testng\7.11.0\testng-7.11.0.jar;C:\Users\sbora\.m2\repository\org\jcommander\jcommander\1.83\jcommander-1.83.jar;C:\Users\sbora\.m2\repository\org\webjars\jquery\3.7.1\jquery-3.7.1.jar;C:\Users\sbora\.m2\repository\io\cucumber\cucumber-java\7.22.1\cucumber-java-7.22.1.jar;C:\Users\sbora\.m2\repository\io\cucumber\cucumber-core\7.22.1\cucumber-core-7.22.1.jar;C:\Users\sbora\.m2\repository\io\cucumber\cucumber-gherkin\7.22.1\cucumber-gherkin-7.22.1.jar;C:\Users\sbora\.m2\repository\io\cucumber\cucumber-gherkin-messages\7.22.1\cucumber-gherkin-messages-7.22.1.jar;C:\Users\sbora\.m2\repository\io\cucumber\gherkin\32.1.1\gherkin-32.1.1.jar;C:\Users\sbora\.m2\repository\io\cucumber\messages\27.2.0\messages-27.2.0.jar;C:\Users\sbora\.m2\repository\io\cucumber\testng-xml-formatter\0.3.1\testng-xml-formatter-0.3.1.jar;C:\Users\sbora\.m2\repository\io\cucumber\query\13.2.0\query-13.2.0.jar;C:\Users\sbora\.m2\repository\io\cucumber\tag-expressions\6.1.2\tag-expressions-6.1.2.jar;C:\Users\sbora\.m2\repository\io\cucumber\cucumber-expressions\18.0.1\cucumber-expressions-18.0.1.jar;C:\Users\sbora\.m2\repository\io\cucumber\datatable\7.22.1\datatable-7.22.1.jar;C:\Users\sbora\.m2\repository\io\cucumber\cucumber-plugin\7.22.1\cucumber-plugin-7.22.1.jar;C:\Users\sbora\.m2\repository\io\cucumber\docstring\7.22.1\docstring-7.22.1.jar;C:\Users\sbora\.m2\repository\io\cucumber\html-formatter\21.10.1\html-formatter-21.10.1.jar;C:\Users\sbora\.m2\repository\io\cucumber\junit-xml-formatter\0.7.1\junit-xml-formatter-0.7.1.jar;C:\Users\sbora\.m2\repository\io\cucumber\ci-environment\10.0.1\ci-environment-10.0.1.jar;C:\Users\sbora\.m2\repository\org\apiguardian\apiguardian-api\1.1.2\apiguardian-api-1.1.2.jar;C:\Users\sbora\.m2\repository\io\cucumber\cucumber-testng\7.22.1\cucumber-testng-7.22.1.jar;C:\Users\sbora\.m2\repository\org\slf4j\slf4j-api\2.0.17\slf4j-api-2.0.17.jar;C:\Users\sbora\.m2\repository\ch\qos\logback\logback-classic\1.5.18\logback-classic-1.5.18.jar;C:\Users\sbora\.m2\repository\ch\qos\logback\logback-core\1.5.18\logback-core-1.5.18.jar;"/>
    <property name="java.vm.vendor" value="Oracle Corporation"/>
    <property name="sun.arch.data.model" value="64"/>
    <property name="user.variant" value=""/>
    <property name="java.vendor.url" value="https://java.oracle.com/"/>
    <property name="user.timezone" value="Asia/Calcutta"/>
    <property name="os.name" value="Windows 11"/>
    <property name="java.vm.specification.version" value="23"/>
    <property name="sun.java.launcher" value="SUN_STANDARD"/>
    <property name="user.country" value="IN"/>
    <property name="sun.boot.library.path" value="C:\Program Files\Java\jdk-23\bin"/>
    <property name="sun.java.command" value="C:\Users\sbora\AppData\Local\Temp\surefire315001016859681315\surefirebooter-20250506190327668_3.jar C:\Users\sbora\AppData\Local\Temp\surefire315001016859681315 2025-05-06T19-03-27_499-jvmRun1 surefire-20250506190327668_1tmp surefire_0-20250506190327668_2tmp"/>
    <property name="jdk.debug" value="release"/>
    <property name="test" value="CucumberTestRunner"/>
    <property name="surefire.test.class.path" value="C:\Users\sbora\eclipse-workspace\SaucedemoLogin\target\test-classes;C:\Users\sbora\eclipse-workspace\SaucedemoLogin\target\classes;C:\Users\sbora\.m2\repository\org\seleniumhq\selenium\selenium-java\4.32.0\selenium-java-4.32.0.jar;C:\Users\sbora\.m2\repository\org\seleniumhq\selenium\selenium-api\4.32.0\selenium-api-4.32.0.jar;C:\Users\sbora\.m2\repository\org\jspecify\jspecify\1.0.0\jspecify-1.0.0.jar;C:\Users\sbora\.m2\repository\org\seleniumhq\selenium\selenium-chrome-driver\4.32.0\selenium-chrome-driver-4.32.0.jar;C:\Users\sbora\.m2\repository\org\seleniumhq\selenium\selenium-chromium-driver\4.32.0\selenium-chromium-driver-4.32.0.jar;C:\Users\sbora\.m2\repository\org\seleniumhq\selenium\selenium-devtools-v134\4.32.0\selenium-devtools-v134-4.32.0.jar;C:\Users\sbora\.m2\repository\org\seleniumhq\selenium\selenium-devtools-v135\4.32.0\selenium-devtools-v135-4.32.0.jar;C:\Users\sbora\.m2\repository\org\seleniumhq\selenium\selenium-devtools-v136\4.32.0\selenium-devtools-v136-4.32.0.jar;C:\Users\sbora\.m2\repository\org\seleniumhq\selenium\selenium-edge-driver\4.32.0\selenium-edge-driver-4.32.0.jar;C:\Users\sbora\.m2\repository\org\seleniumhq\selenium\selenium-ie-driver\4.32.0\selenium-ie-driver-4.32.0.jar;C:\Users\sbora\.m2\repository\org\seleniumhq\selenium\selenium-remote-driver\4.32.0\selenium-remote-driver-4.32.0.jar;C:\Users\sbora\.m2\repository\com\google\guava\guava\33.4.8-jre\guava-33.4.8-jre.jar;C:\Users\sbora\.m2\repository\com\google\guava\failureaccess\1.0.3\failureaccess-1.0.3.jar;C:\Users\sbora\.m2\repository\com\google\guava\listenablefuture\9999.0-empty-to-avoid-conflict-with-guava\listenablefuture-9999.0-empty-to-avoid-conflict-with-guava.jar;C:\Users\sbora\.m2\repository\com\google\errorprone\error_prone_annotations\2.36.0\error_prone_annotations-2.36.0.jar;C:\Users\sbora\.m2\repository\com\google\j2objc\j2objc-annotations\3.0.0\j2objc-annotations-3.0.0.jar;C:\Users\sbora\.m2\repository\io\opentelemetry\opentelemetry-api\1.49.0\opentelemetry-api-1.49.0.jar;C:\Users\sbora\.m2\repository\io\opentelemetry\opentelemetry-context\1.49.0\opentelemetry-context-1.49.0.jar;C:\Users\sbora\.m2\repository\io\opentelemetry\opentelemetry-exporter-logging\1.49.0\opentelemetry-exporter-logging-1.49.0.jar;C:\Users\sbora\.m2\repository\io\opentelemetry\opentelemetry-sdk-common\1.49.0\opentelemetry-sdk-common-1.49.0.jar;C:\Users\sbora\.m2\repository\io\opentelemetry\opentelemetry-sdk-extension-autoconfigure-spi\1.49.0\opentelemetry-sdk-extension-autoconfigure-spi-1.49.0.jar;C:\Users\sbora\.m2\repository\io\opentelemetry\opentelemetry-sdk-extension-autoconfigure\1.49.0\opentelemetry-sdk-extension-autoconfigure-1.49.0.jar;C:\Users\sbora\.m2\repository\io\opentelemetry\opentelemetry-sdk-trace\1.49.0\opentelemetry-sdk-trace-1.49.0.jar;C:\Users\sbora\.m2\repository\io\opentelemetry\opentelemetry-sdk\1.49.0\opentelemetry-sdk-1.49.0.jar;C:\Users\sbora\.m2\repository\io\opentelemetry\opentelemetry-sdk-metrics\1.49.0\opentelemetry-sdk-metrics-1.49.0.jar;C:\Users\sbora\.m2\repository\io\opentelemetry\opentelemetry-sdk-logs\1.49.0\opentelemetry-sdk-logs-1.49.0.jar;C:\Users\sbora\.m2\repository\net\bytebuddy\byte-buddy\1.17.5\byte-buddy-1.17.5.jar;C:\Users\sbora\.m2\repository\org\seleniumhq\selenium\selenium-os\4.32.0\selenium-os-4.32.0.jar;C:\Users\sbora\.m2\repository\org\apache\commons\commons-exec\1.4.0\commons-exec-1.4.0.jar;C:\Users\sbora\.m2\repository\org\seleniumhq\selenium\selenium-safari-driver\4.32.0\selenium-safari-driver-4.32.0.jar;C:\Users\sbora\.m2\repository\org\seleniumhq\selenium\selenium-support\4.32.0\selenium-support-4.32.0.jar;C:\Users\sbora\.m2\repository\org\seleniumhq\selenium\selenium-firefox-driver\4.32.0\selenium-firefox-driver-4.32.0.jar;C:\Users\sbora\.m2\repository\com\google\auto\service\auto-service-annotations\1.1.1\auto-service-annotations-1.1.1.jar;C:\Users\sbora\.m2\repository\org\seleniumhq\selenium\selenium-http\4.32.0\selenium-http-4.32.0.jar;C:\Users\sbora\.m2\repository\org\seleniumhq\selenium\selenium-json\4.32.0\selenium-json-4.32.0.jar;C:\Users\sbora\.m2\repository\org\seleniumhq\selenium\selenium-manager\4.32.0\selenium-manager-4.32.0.jar;C:\Users\sbora\.m2\repository\org\testng\testng\7.11.0\testng-7.11.0.jar;C:\Users\sbora\.m2\repository\org\jcommander\jcommander\1.83\jcommander-1.83.jar;C:\Users\sbora\.m2\repository\org\webjars\jquery\3.7.1\jquery-3.7.1.jar;C:\Users\sbora\.m2\repository\io\cucumber\cucumber-java\7.22.1\cucumber-java-7.22.1.jar;C:\Users\sbora\.m2\repository\io\cucumber\cucumber-core\7.22.1\cucumber-core-7.22.1.jar;C:\Users\sbora\.m2\repository\io\cucumber\cucumber-gherkin\7.22.1\cucumber-gherkin-7.22.1.jar;C:\Users\sbora\.m2\repository\io\cucumber\cucumber-gherkin-messages\7.22.1\cucumber-gherkin-messages-7.22.1.jar;C:\Users\sbora\.m2\repository\io\cucumber\gherkin\32.1.1\gherkin-32.1.1.jar;C:\Users\sbora\.m2\repository\io\cucumber\messages\27.2.0\messages-27.2.0.jar;C:\Users\sbora\.m2\repository\io\cucumber\testng-xml-formatter\0.3.1\testng-xml-formatter-0.3.1.jar;C:\Users\sbora\.m2\repository\io\cucumber\query\13.2.0\query-13.2.0.jar;C:\Users\sbora\.m2\repository\io\cucumber\tag-expressions\6.1.2\tag-expressions-6.1.2.jar;C:\Users\sbora\.m2\repository\io\cucumber\cucumber-expressions\18.0.1\cucumber-expressions-18.0.1.jar;C:\Users\sbora\.m2\repository\io\cucumber\datatable\7.22.1\datatable-7.22.1.jar;C:\Users\sbora\.m2\repository\io\cucumber\cucumber-plugin\7.22.1\cucumber-plugin-7.22.1.jar;C:\Users\sbora\.m2\repository\io\cucumber\docstring\7.22.1\docstring-7.22.1.jar;C:\Users\sbora\.m2\repository\io\cucumber\html-formatter\21.10.1\html-formatter-21.10.1.jar;C:\Users\sbora\.m2\repository\io\cucumber\junit-xml-formatter\0.7.1\junit-xml-formatter-0.7.1.jar;C:\Users\sbora\.m2\repository\io\cucumber\ci-environment\10.0.1\ci-environment-10.0.1.jar;C:\Users\sbora\.m2\repository\org\apiguardian\apiguardian-api\1.1.2\apiguardian-api-1.1.2.jar;C:\Users\sbora\.m2\repository\io\cucumber\cucumber-testng\7.22.1\cucumber-testng-7.22.1.jar;C:\Users\sbora\.m2\repository\org\slf4j\slf4j-api\2.0.17\slf4j-api-2.0.17.jar;C:\Users\sbora\.m2\repository\ch\qos\logback\logback-classic\1.5.18\logback-classic-1.5.18.jar;C:\Users\sbora\.m2\repository\ch\qos\logback\logback-core\1.5.18\logback-core-1.5.18.jar;"/>
    <property name="sun.cpu.endian" value="little"/>
    <property name="user.home" value="C:\Users\sbora"/>
    <property name="user.language" value="en"/>
    <property name="java.specification.vendor" value="Oracle Corporation"/>
    <property name="java.version.date" value="2024-10-15"/>
    <property name="java.home" value="C:\Program Files\Java\jdk-23"/>
    <property name="file.separator" value="\"/>
    <property name="basedir" value="C:\Users\sbora\eclipse-workspace\SaucedemoLogin"/>
    <property name="java.vm.compressedOopsMode" value="Zero based"/>
    <property name="line.separator" value="&#10;"/>
    <property name="java.vm.specification.vendor" value="Oracle Corporation"/>
    <property name="java.specification.name" value="Java Platform API Specification"/>
    <property name="surefire.real.class.path" value="C:\Users\sbora\AppData\Local\Temp\surefire315001016859681315\surefirebooter-20250506190327668_3.jar"/>
    <property name="user.script" value=""/>
    <property name="sun.management.compiler" value="HotSpot 64-Bit Tiered Compilers"/>
    <property name="java.runtime.version" value="23.0.1+11-39"/>
    <property name="user.name" value="sbora"/>
    <property name="stdout.encoding" value="Cp1252"/>
    <property name="path.separator" value=";"/>
    <property name="os.version" value="10.0"/>
    <property name="java.runtime.name" value="Java(TM) SE Runtime Environment"/>
    <property name="file.encoding" value="UTF-8"/>
    <property name="java.vm.name" value="Java HotSpot(TM) 64-Bit Server VM"/>
    <property name="localRepository" value="C:\Users\sbora\.m2\repository"/>
    <property name="java.vendor.url.bug" value="https://bugreport.java.com/bugreport/"/>
    <property name="java.io.tmpdir" value="C:\Users\sbora\AppData\Local\Temp\"/>
    <property name="java.version" value="23.0.1"/>
    <property name="user.dir" value="C:\Users\sbora\eclipse-workspace\SaucedemoLogin"/>
    <property name="os.arch" value="amd64"/>
    <property name="webdriver.gecko.driver" value="D:\Gecko\geckodriver.exe"/>
    <property name="java.vm.specification.name" value="Java Virtual Machine Specification"/>
    <property name="sun.os.patch.level" value=""/>
    <property name="native.encoding" value="Cp1252"/>
    <property name="java.library.path" value="C:\Program Files\Java\jdk-23\bin;C:\WINDOWS\Sun\Java\bin;C:\WINDOWS\system32;C:\WINDOWS;C:\Program Files\Common Files\Oracle\Java\javapath;C:\WINDOWS\system32;C:\WINDOWS;C:\WINDOWS\System32\Wbem;C:\WINDOWS\System32\WindowsPowerShell\v1.0\;C:\WINDOWS\System32\OpenSSH\;C:\Program Files\Java\jdk-23\bin;C:\Program Files\Git\cmd;C:\ProgramData\chocolatey\bin;C:\Program Files (x86)\dotnet\;D:\shellcheck-v0.10.0\;C:\Program Files\Java\jdk-23\bin;C:\Program Files\Maven\apache-maven-3.9.9\bin;C:\Users\sbora\scoop\shims;C:\Users\sbora\AppData\Local\Programs\Python\Python313\Scripts\;C:\Users\sbora\AppData\Local\Programs\Python\Python313\;C:\Ruby34-x64\bin;C:\Users\sbora\AppData\Local\Microsoft\WindowsApps;C:\Users\sbora\AppData\Local\GitHubDesktop\bin;C:\Users\sbora\AppData\Local\Programs\Microsoft VS Code\bin;C:\Users\sbora\AppData\Local\atom\bin;C:\Program Files\JetBrains\PyCharm 2025.1\bin;;C:\Users\sbora\AppData\Local\Microsoft\WindowsApps;;."/>
    <property name="java.vm.info" value="mixed mode, sharing"/>
    <property name="stderr.encoding" value="Cp1252"/>
    <property name="java.vendor" value="Oracle Corporation"/>
    <property name="java.vm.version" value="23.0.1+11-39"/>
    <property name="sun.io.unicode.encoding" value="UnicodeLittle"/>
    <property name="java.class.version" value="67.0"/>
  </properties>
  <testcase name="runScenario[&quot;Successful login with valid credentials&quot;, &quot;Sauce Demo Login Functionality&quot;](1)" classname="com.saucedemo.runner.CucumberTestRunner" time="6.9">
    <system-out><![CDATA[
Scenario: Successful login with valid credentials                                 # src/test/resources/features/login.feature:9
  Given the user is on the login page                                             # com.saucedemo.stepdefinitions.LoginSteps.userIsOnLoginPage()
  When the user logs in with username "standard_user" and password "secret_sauce" # com.saucedemo.stepdefinitions.LoginSteps.userLogsInWithCredentials(java.lang.String,java.lang.String)
  Then the user should be logged in successfully                                  # com.saucedemo.stepdefinitions.LoginSteps.userShouldBeLoggedInSuccessfully()
]]></system-out>
  </testcase>
  <testcase name="runScenario[&quot;Failed login with locked out user&quot;, &quot;Sauce Demo Login Functionality&quot;](2)" classname="com.saucedemo.runner.CucumberTestRunner" time="26.051">
    <system-out><![CDATA[
Scenario: Failed login with locked out user                                         # src/test/resources/features/login.feature:13
  Given the user is on the login page                                               # com.saucedemo.stepdefinitions.LoginSteps.userIsOnLoginPage()
  When the user logs in with username "locked_out_user" and password "secret_sauce" # com.saucedemo.stepdefinitions.LoginSteps.userLogsInWithCredentials(java.lang.String,java.lang.String)
  Then the user should see an error message containing "locked out"                 # com.saucedemo.stepdefinitions.LoginSteps.userShouldSeeErrorMessage(java.lang.String)
]]></system-out>
  </testcase>
  <testcase name="runScenario[&quot;Failed login with invalid username&quot;, &quot;Sauce Demo Login Functionality&quot;](3)" classname="com.saucedemo.runner.CucumberTestRunner" time="26.888">
    <system-out><![CDATA[
Scenario: Failed login with invalid username                                                # src/test/resources/features/login.feature:17
  Given the user is on the login page                                                       # com.saucedemo.stepdefinitions.LoginSteps.userIsOnLoginPage()
  When the user logs in with username "invalid_user" and password "secret_sauce"            # com.saucedemo.stepdefinitions.LoginSteps.userLogsInWithCredentials(java.lang.String,java.lang.String)
  Then the user should see an error message containing "Username and password do not match" # com.saucedemo.stepdefinitions.LoginSteps.userShouldSeeErrorMessage(java.lang.String)
]]></system-out>
  </testcase>
  <testcase name="runScenario[&quot;Failed login with invalid password&quot;, &quot;Sauce Demo Login Functionality&quot;](4)" classname="com.saucedemo.runner.CucumberTestRunner" time="27.036">
    <system-out><![CDATA[
Scenario: Failed login with invalid password                                                # src/test/resources/features/login.feature:21
  Given the user is on the login page                                                       # com.saucedemo.stepdefinitions.LoginSteps.userIsOnLoginPage()
  When the user logs in with username "standard_user" and password "wrong_password"         # com.saucedemo.stepdefinitions.LoginSteps.userLogsInWithCredentials(java.lang.String,java.lang.String)
  Then the user should see an error message containing "Username and password do not match" # com.saucedemo.stepdefinitions.LoginSteps.userShouldSeeErrorMessage(java.lang.String)
]]></system-out>
  </testcase>
  <testcase name="runScenario[&quot;Failed login with empty credentials&quot;, &quot;Sauce Demo Login Functionality&quot;](5)" classname="com.saucedemo.runner.CucumberTestRunner" time="187.987">
    <system-out><![CDATA[
Scenario: Failed login with empty credentials                                 # src/test/resources/features/login.feature:25
  Given the user is on the login page                                         # com.saucedemo.stepdefinitions.LoginSteps.userIsOnLoginPage()
  When the user logs in with username "" and password ""                      # com.saucedemo.stepdefinitions.LoginSteps.userLogsInWithCredentials(java.lang.String,java.lang.String)
  Then the user should see an error message containing "Username is required" # com.saucedemo.stepdefinitions.LoginSteps.userShouldSeeErrorMessage(java.lang.String)
]]></system-out>
  </testcase>
  <testcase name="runScenario[&quot;Login with different types of users&quot;, &quot;Sauce Demo Login Functionality&quot;](6)" classname="com.saucedemo.runner.CucumberTestRunner" time="6.708">
    <system-out><![CDATA[
Scenario Outline: Login with different types of users # src/test/resources/features/login.feature:37
  Given the user is on the login page                 # com.saucedemo.stepdefinitions.LoginSteps.userIsOnLoginPage()
  When the user enters username "standard_user"       # com.saucedemo.stepdefinitions.LoginSteps.userEntersUsername(java.lang.String)
  And the user enters password "secret_sauce"         # com.saucedemo.stepdefinitions.LoginSteps.userEntersPassword(java.lang.String)
  And the user clicks the login button                # com.saucedemo.stepdefinitions.LoginSteps.userClicksLoginButton()
  Then the user should be logged in successfully      # com.saucedemo.stepdefinitions.LoginSteps.userShouldBeLoggedInSuccessfully()
]]></system-out>
  </testcase>
  <testcase name="runScenario[&quot;Login with different types of users&quot;, &quot;Sauce Demo Login Functionality&quot;](7)" classname="com.saucedemo.runner.CucumberTestRunner" time="5.777">
    <system-out><![CDATA[
Scenario Outline: Login with different types of users # src/test/resources/features/login.feature:38
  Given the user is on the login page                 # com.saucedemo.stepdefinitions.LoginSteps.userIsOnLoginPage()
  When the user enters username "problem_user"        # com.saucedemo.stepdefinitions.LoginSteps.userEntersUsername(java.lang.String)
  And the user enters password "secret_sauce"         # com.saucedemo.stepdefinitions.LoginSteps.userEntersPassword(java.lang.String)
  And the user clicks the login button                # com.saucedemo.stepdefinitions.LoginSteps.userClicksLoginButton()
  Then the user should be logged in successfully      # com.saucedemo.stepdefinitions.LoginSteps.userShouldBeLoggedInSuccessfully()
]]></system-out>
  </testcase>
  <testcase name="runScenario[&quot;Login with different types of users&quot;, &quot;Sauce Demo Login Functionality&quot;](8)" classname="com.saucedemo.runner.CucumberTestRunner" time="10.886">
    <system-out><![CDATA[
Scenario Outline: Login with different types of users     # src/test/resources/features/login.feature:39
  Given the user is on the login page                     # com.saucedemo.stepdefinitions.LoginSteps.userIsOnLoginPage()
  When the user enters username "performance_glitch_user" # com.saucedemo.stepdefinitions.LoginSteps.userEntersUsername(java.lang.String)
  And the user enters password "secret_sauce"             # com.saucedemo.stepdefinitions.LoginSteps.userEntersPassword(java.lang.String)
  And the user clicks the login button                    # com.saucedemo.stepdefinitions.LoginSteps.userClicksLoginButton()
  Then the user should be logged in successfully          # com.saucedemo.stepdefinitions.LoginSteps.userShouldBeLoggedInSuccessfully()
]]></system-out>
  </testcase>
  <testcase name="runScenario[&quot;Login with different types of users&quot;, &quot;Sauce Demo Login Functionality&quot;](9)" classname="com.saucedemo.runner.CucumberTestRunner" time="26.022">
    <system-out><![CDATA[
Scenario Outline: Login with different types of users               # src/test/resources/features/login.feature:40
  Given the user is on the login page                               # com.saucedemo.stepdefinitions.LoginSteps.userIsOnLoginPage()
  When the user enters username "locked_out_user"                   # com.saucedemo.stepdefinitions.LoginSteps.userEntersUsername(java.lang.String)
  And the user enters password "secret_sauce"                       # com.saucedemo.stepdefinitions.LoginSteps.userEntersPassword(java.lang.String)
  And the user clicks the login button                              # com.saucedemo.stepdefinitions.LoginSteps.userClicksLoginButton()
  Then the user should see an error message containing "locked out" # com.saucedemo.stepdefinitions.LoginSteps.userShouldSeeErrorMessage(java.lang.String)
]]></system-out>
  </testcase>
  <testcase name="runScenario[&quot;Login with different types of users&quot;, &quot;Sauce Demo Login Functionality&quot;](10)" classname="com.saucedemo.runner.CucumberTestRunner" time="26.31">
    <system-out><![CDATA[
Scenario Outline: Login with different types of users                                       # src/test/resources/features/login.feature:41
  Given the user is on the login page                                                       # com.saucedemo.stepdefinitions.LoginSteps.userIsOnLoginPage()
  When the user enters username "invalid_user"                                              # com.saucedemo.stepdefinitions.LoginSteps.userEntersUsername(java.lang.String)
  And the user enters password "secret_sauce"                                               # com.saucedemo.stepdefinitions.LoginSteps.userEntersPassword(java.lang.String)
  And the user clicks the login button                                                      # com.saucedemo.stepdefinitions.LoginSteps.userClicksLoginButton()
  Then the user should see an error message containing "Username and password do not match" # com.saucedemo.stepdefinitions.LoginSteps.userShouldSeeErrorMessage(java.lang.String)
]]></system-out>
  </testcase>
  <testcase name="runScenario[&quot;Login with different types of users&quot;, &quot;Sauce Demo Login Functionality&quot;](11)" classname="com.saucedemo.runner.CucumberTestRunner" time="26.804">
    <system-out><![CDATA[
Scenario Outline: Login with different types of users                                       # src/test/resources/features/login.feature:42
  Given the user is on the login page                                                       # com.saucedemo.stepdefinitions.LoginSteps.userIsOnLoginPage()
  When the user enters username "standard_user"                                             # com.saucedemo.stepdefinitions.LoginSteps.userEntersUsername(java.lang.String)
  And the user enters password "wrong_pass"                                                 # com.saucedemo.stepdefinitions.LoginSteps.userEntersPassword(java.lang.String)
  And the user clicks the login button                                                      # com.saucedemo.stepdefinitions.LoginSteps.userClicksLoginButton()
  Then the user should see an error message containing "Username and password do not match" # com.saucedemo.stepdefinitions.LoginSteps.userShouldSeeErrorMessage(java.lang.String)
]]></system-out>
  </testcase>
</testsuite>