<?xml version="1.0" encoding="UTF-8"?>
<!-- Generated by org.testng.reporters.JUnitReportReporter -->
<testsuite hostname="Shwetalh" failures="0" tests="16" name="com.saucedemo.tests.LoginTest" time="0.019" errors="1" timestamp="2025-05-05T18:46:42 IST" skipped="15">
  <testcase classname="com.saucedemo.tests.LoginTest" name="testInvalidLogin" time="0.001">
    <skipped/>
  </testcase> <!-- testInvalidLogin -->
  <testcase classname="com.saucedemo.tests.LoginTest" name="testValidLogin" time="0.001">
    <skipped/>
  </testcase> <!-- testValidLogin -->
  <testcase classname="com.saucedemo.tests.LoginTest" name="testInvalidLogin" time="0.000">
    <skipped/>
  </testcase> <!-- testInvalidLogin -->
  <testcase classname="com.saucedemo.tests.LoginTest" name="testInvalidLogin" time="0.001">
    <skipped/>
  </testcase> <!-- testInvalidLogin -->
  <testcase classname="com.saucedemo.tests.LoginTest" name="testEdgeCases" time="0.000">
    <skipped/>
  </testcase> <!-- testEdgeCases -->
  <testcase classname="com.saucedemo.tests.LoginTest" name="testEdgeCases" time="0.000">
    <skipped/>
  </testcase> <!-- testEdgeCases -->
  <testcase classname="com.saucedemo.tests.LoginTest" name="testEdgeCases" time="0.000">
    <skipped/>
  </testcase> <!-- testEdgeCases -->
  <testcase classname="com.saucedemo.tests.LoginTest" name="testEdgeCases" time="0.000">
    <skipped/>
  </testcase> <!-- testEdgeCases -->
  <testcase classname="com.saucedemo.tests.LoginTest" name="testInvalidLogin" time="0.000">
    <skipped/>
  </testcase> <!-- testInvalidLogin -->
  <testcase classname="com.saucedemo.tests.LoginTest" name="testValidLogin" time="0.000">
    <skipped/>
  </testcase> <!-- testValidLogin -->
  <testcase classname="com.saucedemo.tests.LoginTest" name="testInvalidLogin" time="0.000">
    <skipped/>
  </testcase> <!-- testInvalidLogin -->
  <testcase classname="com.saucedemo.tests.LoginTest" name="testValidLogin" time="0.000">
    <skipped/>
  </testcase> <!-- testValidLogin -->
  <testcase classname="com.saucedemo.tests.LoginTest" name="setUp" time="0.016">
    <error message="Unresolved compilation problem: 
	The method getDriver() is undefined for the type WebDriverSetup
" type="java.lang.Error">
      <![CDATA[java.lang.Error: Unresolved compilation problem: 
The method getDriver() is undefined for the type WebDriverSetup

at com.saucedemo.tests.LoginTest.setUp(LoginTest.java:19)
at java.base/jdk.internal.reflect.DirectMethodHandleAccessor.invoke(DirectMethodHandleAccessor.java:103)
at java.base/java.lang.reflect.Method.invoke(Method.java:580)
at org.testng.internal.invokers.MethodInvocationHelper.invokeMethod(MethodInvocationHelper.java:141)
at org.testng.internal.invokers.MethodInvocationHelper.invokeMethodConsideringTimeout(MethodInvocationHelper.java:71)
at org.testng.internal.invokers.ConfigInvoker.invokeConfigurationMethod(ConfigInvoker.java:400)
at org.testng.internal.invokers.ConfigInvoker.invokeConfigurations(ConfigInvoker.java:333)
at org.testng.internal.invokers.TestMethodWorker.invokeBeforeClassMethods(TestMethodWorker.java:188)
at org.testng.internal.invokers.TestMethodWorker.run(TestMethodWorker.java:128)
at java.base/java.util.ArrayList.forEach(ArrayList.java:1597)
at org.testng.TestRunner.privateRun(TestRunner.java:741)
at org.testng.TestRunner.run(TestRunner.java:616)
at org.testng.SuiteRunner.runTest(SuiteRunner.java:421)
at org.testng.SuiteRunner.runSequentially(SuiteRunner.java:413)
at org.testng.SuiteRunner.privateRun(SuiteRunner.java:373)
at org.testng.SuiteRunner.run(SuiteRunner.java:312)
at org.testng.SuiteRunnerWorker.runSuite(SuiteRunnerWorker.java:52)
at org.testng.SuiteRunnerWorker.run(SuiteRunnerWorker.java:95)
at org.testng.TestNG.runSuitesSequentially(TestNG.java:1274)
at org.testng.TestNG.runSuitesLocally(TestNG.java:1208)
at org.testng.TestNG.runSuites(TestNG.java:1112)
at org.testng.TestNG.run(TestNG.java:1079)
at org.testng.remote.AbstractRemoteTestNG.run(AbstractRemoteTestNG.java:115)
at org.testng.remote.RemoteTestNG.initAndRun(RemoteTestNG.java:293)
at org.testng.remote.RemoteTestNG.main(RemoteTestNG.java:91)
]]>
    </error>
  </testcase> <!-- setUp -->
  <testcase classname="com.saucedemo.tests.LoginTest" name="testEdgeCases" time="0.000">
    <skipped/>
  </testcase> <!-- testEdgeCases -->
  <testcase classname="com.saucedemo.tests.LoginTest" name="testValidLogin" time="0.000">
    <skipped/>
  </testcase> <!-- testValidLogin -->
  <testcase classname="com.saucedemo.tests.LoginTest" name="testInvalidLogin" time="0.000">
    <skipped/>
  </testcase> <!-- testInvalidLogin -->
</testsuite> <!-- com.saucedemo.tests.LoginTest -->
