<?xml version="1.0" encoding="UTF-8"?>
<!-- Generated by org.testng.reporters.JUnitReportReporter -->
<testsuite hostname="Shwetalh" failures="0" tests="11" name="com.saucedemo.runner.CucumberTestRunner" time="377.375" errors="0" timestamp="2025-05-06T19:09:47 IST" skipped="0">
  <testcase classname="com.saucedemo.runner.CucumberTestRunner" name="runScenario" time="6.706"/>
  <testcase classname="com.saucedemo.runner.CucumberTestRunner" name="runScenario" time="26.804"/>
  <testcase classname="com.saucedemo.runner.CucumberTestRunner" name="runScenario" time="27.036"/>
  <testcase classname="com.saucedemo.runner.CucumberTestRunner" name="runScenario" time="187.987"/>
  <testcase classname="com.saucedemo.runner.CucumberTestRunner" name="runScenario" time="26.308"/>
  <testcase classname="com.saucedemo.runner.CucumberTestRunner" name="runScenario" time="10.887"/>
  <testcase classname="com.saucedemo.runner.CucumberTestRunner" name="runScenario" time="26.024"/>
  <testcase classname="com.saucedemo.runner.CucumberTestRunner" name="runScenario" time="26.056"/>
  <testcase classname="com.saucedemo.runner.CucumberTestRunner" name="runScenario" time="6.901"/>
  <testcase classname="com.saucedemo.runner.CucumberTestRunner" name="runScenario" time="26.887"/>
  <testcase classname="com.saucedemo.runner.CucumberTestRunner" name="runScenario" time="5.779"/>
</testsuite> <!-- com.saucedemo.runner.CucumberTestRunner -->
