<?xml version="1.0" encoding="UTF-8"?>
<!-- Generated by org.testng.reporters.JUnitReportReporter -->
<testsuite hostname="Shwetalh" failures="0" tests="7" name="com.saucedemo.tests.LoginTest" time="152.489" errors="0" timestamp="2025-05-06T19:02:05 IST" skipped="0">
  <testcase classname="com.saucedemo.tests.LoginTest" name="testInvalidLogin" time="27.040"/>
  <testcase classname="com.saucedemo.tests.LoginTest" name="testInvalidLogin" time="26.997"/>
  <testcase classname="com.saucedemo.tests.LoginTest" name="testValidLogin" time="11.266"/>
  <testcase classname="com.saucedemo.tests.LoginTest" name="testLoginPageElements" time="26.861"/>
  <testcase classname="com.saucedemo.tests.LoginTest" name="testValidLogin" time="6.940"/>
  <testcase classname="com.saucedemo.tests.LoginTest" name="testInvalidLogin" time="26.901"/>
  <testcase classname="com.saucedemo.tests.LoginTest" name="testInvalidLogin" time="26.484"/>
</testsuite> <!-- com.saucedemo.tests.LoginTest -->
